<?xml version="1.0" encoding="UTF-8"?>
<testsuites name="jest tests" tests="47" failures="0" errors="0" time="17.923">
  <testsuite name="substituteCaptureTokens" errors="0" failures="0" skipped="0" timestamp="2025-04-24T20:48:10" time="12.888" tests="5">
    <testcase classname="substituteCaptureTokens should substitute single capture tokens, ignoring irrelevant ones" name="substituteCaptureTokens should substitute single capture tokens, ignoring irrelevant ones" time="0.006">
    </testcase>
    <testcase classname="substituteCaptureTokens should substitute several capture tokens" name="substituteCaptureTokens should substitute several capture tokens" time="0">
    </testcase>
    <testcase classname="substituteCaptureTokens should be a noop if the are no capture tokens" name="substituteCaptureTokens should be a noop if the are no capture tokens" time="0.001">
    </testcase>
    <testcase classname="substituteCaptureTokens should ignore empty captures" name="substituteCaptureTokens should ignore empty captures" time="0">
    </testcase>
    <testcase classname="substituteCaptureTokens should ignore unmatched braces" name="substituteCaptureTokens should ignore unmatched braces" time="0">
    </testcase>
  </testsuite>
  <testsuite name="resources-import-producer handler" errors="0" failures="0" skipped="0" timestamp="2025-04-24T20:48:10" time="15.777" tests="6">
    <testcase classname="resources-import-producer handler if there is no import progress and the API returns nothing, should send nothing" name="resources-import-producer handler if there is no import progress and the API returns nothing, should send nothing" time="0.036">
    </testcase>
    <testcase classname="resources-import-producer handler if there is no import progress and the API returns all available resources in range, should send them all" name="resources-import-producer handler if there is no import progress and the API returns all available resources in range, should send them all" time="0.015">
    </testcase>
    <testcase classname="resources-import-producer handler if there is import progress with no importSequenceId and the API returns all available resources in range, should start another batch and send them all" name="resources-import-producer handler if there is import progress with no importSequenceId and the API returns all available resources in range, should start another batch and send them all" time="0.007">
    </testcase>
    <testcase classname="resources-import-producer handler if there is import progress and there are more resources than the API limit but less than the batch limit, it should keep requesting until it gets them all" name="resources-import-producer handler if there is import progress and there are more resources than the API limit but less than the batch limit, it should keep requesting until it gets them all" time="0.008">
    </testcase>
    <testcase classname="resources-import-producer handler if there is import progress and there are more resources than the batch limit, it should keep requesting until the batch limit is reached" name="resources-import-producer handler if there is import progress and there are more resources than the batch limit, it should keep requesting until the batch limit is reached" time="0.008">
    </testcase>
    <testcase classname="resources-import-producer handler if the API reports inconsistent total counts that could result in an infinite loop, it should stop requesting once the request limit is reached" name="resources-import-producer handler if the API reports inconsistent total counts that could result in an infinite loop, it should stop requesting once the request limit is reached" time="0.013">
    </testcase>
  </testsuite>
  <testsuite name="Dynamic captures" errors="0" failures="0" skipped="0" timestamp="2025-04-24T20:48:10" time="15.987" tests="36">
    <testcase classname="Dynamic captures Mapping an attribute with dynamic capture only - should captures all the keys" name="Dynamic captures Mapping an attribute with dynamic capture only - should captures all the keys" time="0.004">
    </testcase>
    <testcase classname="Dynamic captures Mapping an attribute with dynamic and static capture - should capture only the non-static keys" name="Dynamic captures Mapping an attribute with dynamic and static capture - should capture only the non-static keys" time="0.001">
    </testcase>
    <testcase classname="Simple mappings with flat structure when node contains empty value and is expecteded something to map,  should stop recursing" name="Simple mappings with flat structure when node contains empty value and is expecteded something to map,  should stop recursing" time="0.001">
    </testcase>
    <testcase classname="Simple mappings with flat structure when mapping resourceFieldMapping on id, name and updatedAt, should add those as top level properties of resource" name="Simple mappings with flat structure when mapping resourceFieldMapping on id, name and updatedAt, should add those as top level properties of resource" time="0">
    </testcase>
    <testcase classname="Simple mappings with flat structure when mapping booleanAttributes without info property - should add booleanAttributes record with null info" name="Simple mappings with flat structure when mapping booleanAttributes without info property - should add booleanAttributes record with null info" time="0.001">
    </testcase>
    <testcase classname="Simple mappings with flat structure when mapping booleanAttributes with info property - should add booleanAttributes record with populated info" name="Simple mappings with flat structure when mapping booleanAttributes with info property - should add booleanAttributes record with populated info" time="0">
    </testcase>
    <testcase classname="Simple mappings with flat structure when mapping ResourceStringAttributes without info property - should add ResourceStringAttributes record with null info" name="Simple mappings with flat structure when mapping ResourceStringAttributes without info property - should add ResourceStringAttributes record with null info" time="0.001">
    </testcase>
    <testcase classname="Simple mappings with flat structure when mapping ResourceStringAttributes with info property - should add ResourceStringAttributes record with populated info" name="Simple mappings with flat structure when mapping ResourceStringAttributes with info property - should add ResourceStringAttributes record with populated info" time="0">
    </testcase>
    <testcase classname="Simple mappings with flat structure when mapping Translatable stringAttributes without info property - should add Translatable ResourceStringAttributes record with null info" name="Simple mappings with flat structure when mapping Translatable stringAttributes without info property - should add Translatable ResourceStringAttributes record with null info" time="0.001">
    </testcase>
    <testcase classname="Simple mappings with flat structure when mapping Translatable ResourceStringAttributes with info property - should add Translatable ResourceStringAttributes record with populated info" name="Simple mappings with flat structure when mapping Translatable ResourceStringAttributes with info property - should add Translatable ResourceStringAttributes record with populated info" time="0.001">
    </testcase>
    <testcase classname="Simple mappings with flat structure when mapping numberAttributes without info property - should add numberAttributes record with null info" name="Simple mappings with flat structure when mapping numberAttributes without info property - should add numberAttributes record with null info" time="0.001">
    </testcase>
    <testcase classname="Simple mappings with flat structure when mapping numberAttributes with info property - should add numberAttributes record with populated info" name="Simple mappings with flat structure when mapping numberAttributes with info property - should add numberAttributes record with populated info" time="0">
    </testcase>
    <testcase classname="Simple mappings with flat structure when mapping dateTimeAttributes without info property - should add dateTimeAttributes record with null info" name="Simple mappings with flat structure when mapping dateTimeAttributes without info property - should add dateTimeAttributes record with null info" time="0.002">
    </testcase>
    <testcase classname="Simple mappings with flat structure when mapping dateTimeAttributes with info property - should add dateTimeAttributes record with populated info" name="Simple mappings with flat structure when mapping dateTimeAttributes with info property - should add dateTimeAttributes record with populated info" time="0">
    </testcase>
    <testcase classname="Simple mappings with flat structure when mapping referenceStringAttributes - should add referenceStringAttributes record" name="Simple mappings with flat structure when mapping referenceStringAttributes - should add referenceStringAttributes record" time="0.001">
    </testcase>
    <testcase classname="Simple mapping, nested structure when node contains empty value and is expecteded something to map,  should stop recursing" name="Simple mapping, nested structure when node contains empty value and is expecteded something to map,  should stop recursing" time="0">
    </testcase>
    <testcase classname="Simple mapping, nested structure when mapping resourceFieldMapping on id, name and updatedAt, should add those as top level properties of resource" name="Simple mapping, nested structure when mapping resourceFieldMapping on id, name and updatedAt, should add those as top level properties of resource" time="0.001">
    </testcase>
    <testcase classname="Simple mapping, nested structure when mapping booleanAttributes without info property - should add booleanAttributes records with null info" name="Simple mapping, nested structure when mapping booleanAttributes without info property - should add booleanAttributes records with null info" time="0">
    </testcase>
    <testcase classname="Simple mapping, nested structure when mapping ResourceStringAttributes without info property - should add ResourceStringAttributes records with null info" name="Simple mapping, nested structure when mapping ResourceStringAttributes without info property - should add ResourceStringAttributes records with null info" time="0">
    </testcase>
    <testcase classname="Simple mapping, nested structure when mapping Translatable ResourceStringAttributes without info property - should add Translatable ResourceStringAttributes records with null info" name="Simple mapping, nested structure when mapping Translatable ResourceStringAttributes without info property - should add Translatable ResourceStringAttributes records with null info" time="0">
    </testcase>
    <testcase classname="Simple mapping, nested structure when mapping numberAttributes without info property - should add numberAttributes records with null info" name="Simple mapping, nested structure when mapping numberAttributes without info property - should add numberAttributes records with null info" time="0">
    </testcase>
    <testcase classname="Simple mapping, nested structure when mapping dateTimeAttributes without info property - should add dateTimeAttributes records with null info" name="Simple mapping, nested structure when mapping dateTimeAttributes without info property - should add dateTimeAttributes records with null info" time="0.001">
    </testcase>
    <testcase classname="Simple mapping, nested structure when mapping referenceStringAttributes without info property - should add referenceStringAttributes records with null info" name="Simple mapping, nested structure when mapping referenceStringAttributes without info property - should add referenceStringAttributes records with null info" time="0">
    </testcase>
    <testcase classname="Simple mapping, nested structure when mapping all kinds of attributes - should add each kind of record under corresponding record.attributes key" name="Simple mapping, nested structure when mapping all kinds of attributes - should add each kind of record under corresponding record.attributes key" time="0.001">
    </testcase>
    <testcase classname="Mapping valid sample resources should produce no warnings KHP resource with ancestor taxonomies" name="Mapping valid sample resources should produce no warnings KHP resource with ancestor taxonomies" time="0.012">
    </testcase>
    <testcase classname="Mapping valid sample resources should produce no warnings KHP resource with no sites" name="Mapping valid sample resources should produce no warnings KHP resource with no sites" time="0.002">
    </testcase>
    <testcase classname="Mapping valid sample resources should produce no warnings KHP resource with sites" name="Mapping valid sample resources should produce no warnings KHP resource with sites" time="0.002">
    </testcase>
    <testcase classname="Mapping valid sample resources should produce no warnings KHP resource after API update" name="Mapping valid sample resources should produce no warnings KHP resource after API update" time="0.004">
    </testcase>
    <testcase classname="Mapping valid sample resources should produce no warnings KHP resource after API update 2" name="Mapping valid sample resources should produce no warnings KHP resource after API update 2" time="0.001">
    </testcase>
    <testcase classname="Mapping valid sample resources should produce no warnings KHP resource failing id after API update 2" name="Mapping valid sample resources should produce no warnings KHP resource failing id after API update 2" time="0.002">
    </testcase>
    <testcase classname="Mapping valid sample resources should produce no warnings KHP resource from 2024-08-22 0 (66672c4a771f924924284b29)" name="Mapping valid sample resources should produce no warnings KHP resource from 2024-08-22 0 (66672c4a771f924924284b29)" time="0.002">
    </testcase>
    <testcase classname="Mapping valid sample resources should produce no warnings KHP resource from 2024-08-22 1 (667991ac771f9249240e2583)" name="Mapping valid sample resources should produce no warnings KHP resource from 2024-08-22 1 (667991ac771f9249240e2583)" time="0.001">
    </testcase>
    <testcase classname="Mapping valid sample resources should produce no warnings KHP resource from 2024-08-22 2 (66799385a696b48d11d0cc8d)" name="Mapping valid sample resources should produce no warnings KHP resource from 2024-08-22 2 (66799385a696b48d11d0cc8d)" time="0.002">
    </testcase>
    <testcase classname="Mapping valid sample resources should produce no warnings KHP resource from 2024-08-22 3 (667993eca696b48d11d0cd8d)" name="Mapping valid sample resources should produce no warnings KHP resource from 2024-08-22 3 (667993eca696b48d11d0cd8d)" time="0.001">
    </testcase>
    <testcase classname="Mapping valid sample resources should produce no warnings KHP resource from 2024-08-22 4 (6679943ea696b48d11d0d44b)" name="Mapping valid sample resources should produce no warnings KHP resource from 2024-08-22 4 (6679943ea696b48d11d0d44b)" time="0.001">
    </testcase>
    <testcase classname="Mapping valid sample resources should produce no warnings withSites_20240823" name="Mapping valid sample resources should produce no warnings withSites_20240823" time="0.005">
    </testcase>
  </testsuite>
</testsuites>